0 info it worked if it ends with ok
1 verbose cli [ 'C:\\Program Files\\nodejs\\node.exe',
1 verbose cli   'C:\\Program Files\\nodejs\\node_modules\\npm\\bin\\npm-cli.js',
1 verbose cli   'install',
1 verbose cli   'aldeed:simple-schema@1.3.0' ]
2 info using npm@3.10.3
3 info using node@v6.6.0
4 silly loadCurrentTree Starting
5 silly install loadCurrentTree
6 silly install readLocalPackageData
7 silly fetchPackageMetaData aldeed:simple-schema@1.3.0
8 silly fetchPackageMetaData Error: Unsupported URL Type: aldeed:simple-schema@1.3.0
8 silly fetchPackageMetaData     at parseUrl (C:\Program Files\nodejs\node_modules\npm\node_modules\npm-package-arg\npa.js:186:13)
8 silly fetchPackageMetaData     at npa (C:\Program Files\nodejs\node_modules\npm\node_modules\npm-package-arg\npa.js:79:12)
8 silly fetchPackageMetaData     at module.exports (C:\Program Files\nodejs\node_modules\npm\node_modules\realize-package-specifier\index.js:12:15)
8 silly fetchPackageMetaData     at fetchPackageMetadata (C:\Program Files\nodejs\node_modules\npm\lib\fetch-package-metadata.js:54:12)
8 silly fetchPackageMetaData     at C:\Program Files\nodejs\node_modules\npm\lib\install\deps.js:234:5
8 silly fetchPackageMetaData     at C:\Program Files\nodejs\node_modules\npm\node_modules\slide\lib\async-map.js:52:35
8 silly fetchPackageMetaData     at Array.forEach (native)
8 silly fetchPackageMetaData     at C:\Program Files\nodejs\node_modules\npm\node_modules\slide\lib\async-map.js:52:11
8 silly fetchPackageMetaData     at Array.forEach (native)
8 silly fetchPackageMetaData     at asyncMap (C:\Program Files\nodejs\node_modules\npm\node_modules\slide\lib\async-map.js:51:8)
8 silly fetchPackageMetaData  error for aldeed:simple-schema@1.3.0 Error: Unsupported URL Type: aldeed:simple-schema@1.3.0
8 silly fetchPackageMetaData     at parseUrl (C:\Program Files\nodejs\node_modules\npm\node_modules\npm-package-arg\npa.js:186:13)
8 silly fetchPackageMetaData     at npa (C:\Program Files\nodejs\node_modules\npm\node_modules\npm-package-arg\npa.js:79:12)
8 silly fetchPackageMetaData     at module.exports (C:\Program Files\nodejs\node_modules\npm\node_modules\realize-package-specifier\index.js:12:15)
8 silly fetchPackageMetaData     at fetchPackageMetadata (C:\Program Files\nodejs\node_modules\npm\lib\fetch-package-metadata.js:54:12)
8 silly fetchPackageMetaData     at C:\Program Files\nodejs\node_modules\npm\lib\install\deps.js:234:5
8 silly fetchPackageMetaData     at C:\Program Files\nodejs\node_modules\npm\node_modules\slide\lib\async-map.js:52:35
8 silly fetchPackageMetaData     at Array.forEach (native)
8 silly fetchPackageMetaData     at C:\Program Files\nodejs\node_modules\npm\node_modules\slide\lib\async-map.js:52:11
8 silly fetchPackageMetaData     at Array.forEach (native)
8 silly fetchPackageMetaData     at asyncMap (C:\Program Files\nodejs\node_modules\npm\node_modules\slide\lib\async-map.js:51:8)
9 silly rollbackFailedOptional Starting
10 silly rollbackFailedOptional Finishing
11 silly runTopLevelLifecycles Starting
12 silly runTopLevelLifecycles Finishing
13 silly install printInstalled
14 verbose stack Error: Unsupported URL Type: aldeed:simple-schema@1.3.0
14 verbose stack     at parseUrl (C:\Program Files\nodejs\node_modules\npm\node_modules\npm-package-arg\npa.js:186:13)
14 verbose stack     at npa (C:\Program Files\nodejs\node_modules\npm\node_modules\npm-package-arg\npa.js:79:12)
14 verbose stack     at module.exports (C:\Program Files\nodejs\node_modules\npm\node_modules\realize-package-specifier\index.js:12:15)
14 verbose stack     at fetchPackageMetadata (C:\Program Files\nodejs\node_modules\npm\lib\fetch-package-metadata.js:54:12)
14 verbose stack     at C:\Program Files\nodejs\node_modules\npm\lib\install\deps.js:234:5
14 verbose stack     at C:\Program Files\nodejs\node_modules\npm\node_modules\slide\lib\async-map.js:52:35
14 verbose stack     at Array.forEach (native)
14 verbose stack     at C:\Program Files\nodejs\node_modules\npm\node_modules\slide\lib\async-map.js:52:11
14 verbose stack     at Array.forEach (native)
14 verbose stack     at asyncMap (C:\Program Files\nodejs\node_modules\npm\node_modules\slide\lib\async-map.js:51:8)
15 verbose cwd D:\Workspace\Kupongo\kupongo
16 error Windows_NT 10.0.16299
17 error argv "C:\\Program Files\\nodejs\\node.exe" "C:\\Program Files\\nodejs\\node_modules\\npm\\bin\\npm-cli.js" "install" "aldeed:simple-schema@1.3.0"
18 error node v6.6.0
19 error npm  v3.10.3
20 error Unsupported URL Type: aldeed:simple-schema@1.3.0
21 error If you need help, you may report this error at:
21 error     <https://github.com/npm/npm/issues>
22 verbose exit [ 1, true ]
